{"/home/tiago/Documents/code/challenges/pizzeria/routes.js": {"path":"/home/tiago/Documents/code/challenges/pizzeria/routes.js","statementMap":{"0":{"start":{"line":2,"column":16},"end":{"line":2,"column":34}},"1":{"start":{"line":3,"column":11},"end":{"line":3,"column":24}},"2":{"start":{"line":4,"column":12},"end":{"line":4,"column":21}},"3":{"start":{"line":5,"column":0},"end":{"line":5,"column":24}},"4":{"start":{"line":7,"column":0},"end":{"line":13,"column":6}},"5":{"start":{"line":9,"column":8},"end":{"line":12,"column":10}},"6":{"start":{"line":10,"column":12},"end":{"line":10,"column":44}},"7":{"start":{"line":10,"column":21},"end":{"line":10,"column":44}},"8":{"start":{"line":11,"column":12},"end":{"line":11,"column":50}},"9":{"start":{"line":15,"column":0},"end":{"line":26,"column":6}},"10":{"start":{"line":17,"column":23},"end":{"line":17,"column":33}},"11":{"start":{"line":18,"column":8},"end":{"line":25,"column":10}},"12":{"start":{"line":19,"column":12},"end":{"line":19,"column":44}},"13":{"start":{"line":19,"column":21},"end":{"line":19,"column":44}},"14":{"start":{"line":20,"column":12},"end":{"line":24,"column":14}},"15":{"start":{"line":21,"column":16},"end":{"line":23,"column":17}},"16":{"start":{"line":22,"column":20},"end":{"line":22,"column":56}},"17":{"start":{"line":28,"column":0},"end":{"line":34,"column":6}},"18":{"start":{"line":30,"column":8},"end":{"line":33,"column":10}},"19":{"start":{"line":31,"column":12},"end":{"line":31,"column":45}},"20":{"start":{"line":31,"column":21},"end":{"line":31,"column":45}},"21":{"start":{"line":32,"column":12},"end":{"line":32,"column":50}},"22":{"start":{"line":36,"column":0},"end":{"line":36,"column":20}}},"fnMap":{"0":{"name":"(anonymous_0)","decl":{"start":{"line":8,"column":9},"end":{"line":8,"column":10}},"loc":{"start":{"line":8,"column":23},"end":{"line":13,"column":5}},"line":8},"1":{"name":"(anonymous_1)","decl":{"start":{"line":9,"column":42},"end":{"line":9,"column":43}},"loc":{"start":{"line":9,"column":57},"end":{"line":12,"column":9}},"line":9},"2":{"name":"(anonymous_2)","decl":{"start":{"line":16,"column":9},"end":{"line":16,"column":10}},"loc":{"start":{"line":16,"column":23},"end":{"line":26,"column":5}},"line":16},"3":{"name":"(anonymous_3)","decl":{"start":{"line":18,"column":42},"end":{"line":18,"column":43}},"loc":{"start":{"line":18,"column":57},"end":{"line":25,"column":9}},"line":18},"4":{"name":"(anonymous_4)","decl":{"start":{"line":20,"column":37},"end":{"line":20,"column":38}},"loc":{"start":{"line":20,"column":48},"end":{"line":24,"column":13}},"line":20},"5":{"name":"(anonymous_5)","decl":{"start":{"line":29,"column":9},"end":{"line":29,"column":10}},"loc":{"start":{"line":29,"column":23},"end":{"line":34,"column":5}},"line":29},"6":{"name":"(anonymous_6)","decl":{"start":{"line":30,"column":42},"end":{"line":30,"column":43}},"loc":{"start":{"line":30,"column":57},"end":{"line":33,"column":9}},"line":30}},"branchMap":{"0":{"loc":{"start":{"line":10,"column":12},"end":{"line":10,"column":44}},"type":"if","locations":[{"start":{"line":10,"column":12},"end":{"line":10,"column":44}},{"start":{},"end":{}}],"line":10},"1":{"loc":{"start":{"line":19,"column":12},"end":{"line":19,"column":44}},"type":"if","locations":[{"start":{"line":19,"column":12},"end":{"line":19,"column":44}},{"start":{},"end":{}}],"line":19},"2":{"loc":{"start":{"line":21,"column":16},"end":{"line":23,"column":17}},"type":"if","locations":[{"start":{"line":21,"column":16},"end":{"line":23,"column":17}},{"start":{},"end":{}}],"line":21},"3":{"loc":{"start":{"line":31,"column":12},"end":{"line":31,"column":45}},"type":"if","locations":[{"start":{"line":31,"column":12},"end":{"line":31,"column":45}},{"start":{},"end":{}}],"line":31}},"s":{"0":1,"1":1,"2":1,"3":1,"4":1,"5":1,"6":1,"7":0,"8":1,"9":1,"10":1,"11":1,"12":1,"13":0,"14":1,"15":2,"16":1,"17":1,"18":1,"19":1,"20":0,"21":1,"22":1},"f":{"0":1,"1":1,"2":1,"3":1,"4":2,"5":1,"6":1},"b":{"0":[0,1],"1":[0,1],"2":[1,1],"3":[0,1]},"_coverageSchema":"1a1c01bbd47fc00a2c39e90264f33305004495a9","hash":"e83c630a58c3bd02fc502ddb3f09ad084614a4c9"}
}
